<?xml version="1.0" encoding="UTF-8"?>
<testsuite xmlns:xsi="http://www.w3.org/2001/XMLSchema-instance" xsi:noNamespaceSchemaLocation="https://maven.apache.org/surefire/maven-surefire-plugin/xsd/surefire-test-report.xsd" name="group.calculator.AppTest" time="0.067" tests="4" errors="0" skipped="0" failures="2">
  <properties>
[...]
</properties>
  <testcase name="subTestt" classname="group.calculator.AppTest" time="0.034"/>
  <testcase name="sumTest" classname="group.calculator.AppTest" time="0.001"/>
  <testcase name="multTest" classname="group.calculator.AppTest" time="0.014">
    <failure message="expected: &lt;3&gt; but was: &lt;2&gt;" type="org.opentest4j.AssertionFailedError"><![CDATA[org.opentest4j.AssertionFailedError: expected: <3> but was: <2>
	at group.calculator.AppTest.multTest(AppTest.java:24)
]]></failure>
  </testcase>
  <testcase name="divTest" classname="group.calculator.AppTest" time="0.002">
    <failure message="expected: &lt;0&gt; but was: &lt;2&gt;" type="org.opentest4j.AssertionFailedError"><![CDATA[org.opentest4j.AssertionFailedError: expected: <0> but was: <2>
	at group.calculator.AppTest.divTest(AppTest.java:29)
]]></failure>
  </testcase>
</testsuite>